<?xml version="1.0" encoding="UTF-8"?>
<!-- Generated by org.testng.reporters.JUnitReportReporter -->
<testsuite skipped="0" hostname="DESKTOP-Q4PRHP1" name="com.ShoesBuy.Sample.firefoxBrowser" tests="2" failures="0" timestamp="04 Apr 2018 05:20:47 GMT" time="0.012" errors="0">
  <testcase name="TC_07" time="0.003" classname="com.ShoesBuy.Sample.firefoxBrowser"/>
  <testcase name="TC_06" time="0.009" classname="com.ShoesBuy.Sample.firefoxBrowser"/>
</testsuite> <!-- com.ShoesBuy.Sample.firefoxBrowser -->
